[2021-08-17T17:21:12.214] [ERROR] system - sample
[2021-08-18T10:19:08.995] [ERROR] system - c:\web\weblog\views\posts\index.ejs:24
    22|       <dl class="row mt-5 mb-5">
    23|         <dt class="col-3">公開日:</dt>
 >> 24|         <dd class="col-9"><%= published.toLovalseString() %></dd>
    25|         <dt class="col-3">著者:</dt>
    26|         <dd class="col-9"><%= keywords %></dd>
    27|         <dt class="col-3">キーワード:</dt>

published.toLovalseString is not a function
[2021-08-18T11:49:33.213] [ERROR] system - missing ) after argument list in c:\web\weblog\views\search\list.ejs while compiling ejs

If the above error is not helpful, you may want to try EJS-Lint:
https://github.com/RyanZim/EJS-Lint
Or, if you meant to create an async function, pass `async: true` as an option.
[2021-08-18T15:53:02.056] [ERROR] system - Failed to lookup view "./account/posts/regis-form.ejs" in views directory "c:\web\weblog\views"
[2021-08-18T15:55:47.413] [ERROR] system - c:\web\weblog\views\account\posts\regist-form.ejs:26
    24|           <label for="url" class="col-sm-2 col-form-label">URL:</label>
    25|           <div class="col-sm-10">
 >> 26|             <input type="text" class="form-control <%= errors.url ? 'is-invalid' : '' %>" id="url" name="url" value="<%= original.url %>" />
    27|           </div>
    28|         </div>
    29|         <div class="form-group row">

errors is not defined
[2021-08-18T15:59:47.515] [ERROR] system - c:\web\weblog\views\account\posts\regist-form.ejs:26
    24|           <label for="url" class="col-sm-2 col-form-label">URL:</label>
    25|           <div class="col-sm-10">
 >> 26|             <input type="text" class="form-control" id="url" name="url" value="<%= original.url %>" />
    27|           </div>
    28|         </div>
    29|         <div class="form-group row">

original is not defined
[2021-08-19T00:47:45.414] [ERROR] system - c:\web\weblog\views\account\login.ejs:43
    41|             </div>
    42|           </div>
 >> 43|           <% if (message && message.length !== 0) { %>
    44|             <div class="alert alert-danger"><%= message %></div>
    45|           <% } %>
    46|         </form>

message is not defined
